  PeLoad.cpp
E:\vsdaim\MFC-PE\MFC-PE\PeLoad.cpp(135,2): warning C4996: '_itow': This function or variable may be unsafe. Consider using _itow_s instead. To disable deprecation, use _CRT_SECURE_NO_WARNINGS. See online help for details.
E:\vsdaim\MFC-PE\MFC-PE\PeLoad.cpp(136,25): warning C4996: '_wcsupr': This function or variable may be unsafe. Consider using _wcsupr_s instead. To disable deprecation, use _CRT_SECURE_NO_WARNINGS. See online help for details.
E:\vsdaim\MFC-PE\MFC-PE\PeLoad.cpp(137,2): warning C4996: '_itow': This function or variable may be unsafe. Consider using _itow_s instead. To disable deprecation, use _CRT_SECURE_NO_WARNINGS. See online help for details.
E:\vsdaim\MFC-PE\MFC-PE\PeLoad.cpp(138,36): warning C4996: '_wcsupr': This function or variable may be unsafe. Consider using _wcsupr_s instead. To disable deprecation, use _CRT_SECURE_NO_WARNINGS. See online help for details.
E:\vsdaim\MFC-PE\MFC-PE\PeLoad.cpp(140,2): warning C4996: '_itow': This function or variable may be unsafe. Consider using _itow_s instead. To disable deprecation, use _CRT_SECURE_NO_WARNINGS. See online help for details.
E:\vsdaim\MFC-PE\MFC-PE\PeLoad.cpp(141,38): warning C4996: '_wcsupr': This function or variable may be unsafe. Consider using _wcsupr_s instead. To disable deprecation, use _CRT_SECURE_NO_WARNINGS. See online help for details.
E:\vsdaim\MFC-PE\MFC-PE\PeLoad.cpp(143,2): warning C4996: '_itow': This function or variable may be unsafe. Consider using _itow_s instead. To disable deprecation, use _CRT_SECURE_NO_WARNINGS. See online help for details.
E:\vsdaim\MFC-PE\MFC-PE\PeLoad.cpp(144,30): warning C4996: '_wcsupr': This function or variable may be unsafe. Consider using _wcsupr_s instead. To disable deprecation, use _CRT_SECURE_NO_WARNINGS. See online help for details.
E:\vsdaim\MFC-PE\MFC-PE\PeLoad.cpp(146,2): warning C4996: '_itow': This function or variable may be unsafe. Consider using _itow_s instead. To disable deprecation, use _CRT_SECURE_NO_WARNINGS. See online help for details.
E:\vsdaim\MFC-PE\MFC-PE\PeLoad.cpp(147,40): warning C4996: '_wcsupr': This function or variable may be unsafe. Consider using _wcsupr_s instead. To disable deprecation, use _CRT_SECURE_NO_WARNINGS. See online help for details.
E:\vsdaim\MFC-PE\MFC-PE\PeLoad.cpp(149,2): warning C4996: '_itow': This function or variable may be unsafe. Consider using _itow_s instead. To disable deprecation, use _CRT_SECURE_NO_WARNINGS. See online help for details.
E:\vsdaim\MFC-PE\MFC-PE\PeLoad.cpp(150,43): warning C4996: '_wcsupr': This function or variable may be unsafe. Consider using _wcsupr_s instead. To disable deprecation, use _CRT_SECURE_NO_WARNINGS. See online help for details.
E:\vsdaim\MFC-PE\MFC-PE\PeLoad.cpp(153,2): warning C4996: '_itow': This function or variable may be unsafe. Consider using _itow_s instead. To disable deprecation, use _CRT_SECURE_NO_WARNINGS. See online help for details.
E:\vsdaim\MFC-PE\MFC-PE\PeLoad.cpp(154,39): warning C4996: '_wcsupr': This function or variable may be unsafe. Consider using _wcsupr_s instead. To disable deprecation, use _CRT_SECURE_NO_WARNINGS. See online help for details.
E:\vsdaim\MFC-PE\MFC-PE\PeLoad.cpp(156,2): warning C4996: '_itow': This function or variable may be unsafe. Consider using _itow_s instead. To disable deprecation, use _CRT_SECURE_NO_WARNINGS. See online help for details.
E:\vsdaim\MFC-PE\MFC-PE\PeLoad.cpp(157,30): warning C4996: '_wcsupr': This function or variable may be unsafe. Consider using _wcsupr_s instead. To disable deprecation, use _CRT_SECURE_NO_WARNINGS. See online help for details.
E:\vsdaim\MFC-PE\MFC-PE\PeLoad.cpp(159,2): warning C4996: '_itow': This function or variable may be unsafe. Consider using _itow_s instead. To disable deprecation, use _CRT_SECURE_NO_WARNINGS. See online help for details.
E:\vsdaim\MFC-PE\MFC-PE\PeLoad.cpp(160,30): warning C4996: '_wcsupr': This function or variable may be unsafe. Consider using _wcsupr_s instead. To disable deprecation, use _CRT_SECURE_NO_WARNINGS. See online help for details.
E:\vsdaim\MFC-PE\MFC-PE\PeLoad.cpp(162,2): warning C4996: '_itow': This function or variable may be unsafe. Consider using _itow_s instead. To disable deprecation, use _CRT_SECURE_NO_WARNINGS. See online help for details.
E:\vsdaim\MFC-PE\MFC-PE\PeLoad.cpp(163,29): warning C4996: '_wcsupr': This function or variable may be unsafe. Consider using _wcsupr_s instead. To disable deprecation, use _CRT_SECURE_NO_WARNINGS. See online help for details.
E:\vsdaim\MFC-PE\MFC-PE\PeLoad.cpp(165,2): warning C4996: '_itow': This function or variable may be unsafe. Consider using _itow_s instead. To disable deprecation, use _CRT_SECURE_NO_WARNINGS. See online help for details.
E:\vsdaim\MFC-PE\MFC-PE\PeLoad.cpp(166,36): warning C4996: '_wcsupr': This function or variable may be unsafe. Consider using _wcsupr_s instead. To disable deprecation, use _CRT_SECURE_NO_WARNINGS. See online help for details.
E:\vsdaim\MFC-PE\MFC-PE\PeLoad.cpp(169,2): warning C4996: '_itow': This function or variable may be unsafe. Consider using _itow_s instead. To disable deprecation, use _CRT_SECURE_NO_WARNINGS. See online help for details.
E:\vsdaim\MFC-PE\MFC-PE\PeLoad.cpp(170,33): warning C4996: '_wcsupr': This function or variable may be unsafe. Consider using _wcsupr_s instead. To disable deprecation, use _CRT_SECURE_NO_WARNINGS. See online help for details.
E:\vsdaim\MFC-PE\MFC-PE\PeLoad.cpp(172,2): warning C4996: '_itow': This function or variable may be unsafe. Consider using _itow_s instead. To disable deprecation, use _CRT_SECURE_NO_WARNINGS. See online help for details.
E:\vsdaim\MFC-PE\MFC-PE\PeLoad.cpp(173,47): warning C4996: '_wcsupr': This function or variable may be unsafe. Consider using _wcsupr_s instead. To disable deprecation, use _CRT_SECURE_NO_WARNINGS. See online help for details.
E:\vsdaim\MFC-PE\MFC-PE\PeLoad.cpp(175,2): warning C4996: '_itow': This function or variable may be unsafe. Consider using _itow_s instead. To disable deprecation, use _CRT_SECURE_NO_WARNINGS. See online help for details.
E:\vsdaim\MFC-PE\MFC-PE\PeLoad.cpp(176,47): warning C4996: '_wcsupr': This function or variable may be unsafe. Consider using _wcsupr_s instead. To disable deprecation, use _CRT_SECURE_NO_WARNINGS. See online help for details.
E:\vsdaim\MFC-PE\MFC-PE\PeLoad.cpp(178,2): warning C4996: '_itow': This function or variable may be unsafe. Consider using _itow_s instead. To disable deprecation, use _CRT_SECURE_NO_WARNINGS. See online help for details.
E:\vsdaim\MFC-PE\MFC-PE\PeLoad.cpp(179,37): warning C4996: '_wcsupr': This function or variable may be unsafe. Consider using _wcsupr_s instead. To disable deprecation, use _CRT_SECURE_NO_WARNINGS. See online help for details.
E:\vsdaim\MFC-PE\MFC-PE\PeLoad.cpp(181,2): warning C4996: '_itow': This function or variable may be unsafe. Consider using _itow_s instead. To disable deprecation, use _CRT_SECURE_NO_WARNINGS. See online help for details.
E:\vsdaim\MFC-PE\MFC-PE\PeLoad.cpp(182,37): warning C4996: '_wcsupr': This function or variable may be unsafe. Consider using _wcsupr_s instead. To disable deprecation, use _CRT_SECURE_NO_WARNINGS. See online help for details.
E:\vsdaim\MFC-PE\MFC-PE\PeLoad.cpp(186,2): warning C4996: '_itow': This function or variable may be unsafe. Consider using _itow_s instead. To disable deprecation, use _CRT_SECURE_NO_WARNINGS. See online help for details.
E:\vsdaim\MFC-PE\MFC-PE\PeLoad.cpp(187,41): warning C4996: '_wcsupr': This function or variable may be unsafe. Consider using _wcsupr_s instead. To disable deprecation, use _CRT_SECURE_NO_WARNINGS. See online help for details.
E:\vsdaim\MFC-PE\MFC-PE\PeLoad.cpp(189,2): warning C4996: '_itow': This function or variable may be unsafe. Consider using _itow_s instead. To disable deprecation, use _CRT_SECURE_NO_WARNINGS. See online help for details.
E:\vsdaim\MFC-PE\MFC-PE\PeLoad.cpp(190,41): warning C4996: '_wcsupr': This function or variable may be unsafe. Consider using _wcsupr_s instead. To disable deprecation, use _CRT_SECURE_NO_WARNINGS. See online help for details.
E:\vsdaim\MFC-PE\MFC-PE\PeLoad.cpp(192,2): warning C4996: '_itow': This function or variable may be unsafe. Consider using _itow_s instead. To disable deprecation, use _CRT_SECURE_NO_WARNINGS. See online help for details.
E:\vsdaim\MFC-PE\MFC-PE\PeLoad.cpp(193,37): warning C4996: '_wcsupr': This function or variable may be unsafe. Consider using _wcsupr_s instead. To disable deprecation, use _CRT_SECURE_NO_WARNINGS. See online help for details.
E:\vsdaim\MFC-PE\MFC-PE\PeLoad.cpp(195,2): warning C4996: '_itow': This function or variable may be unsafe. Consider using _itow_s instead. To disable deprecation, use _CRT_SECURE_NO_WARNINGS. See online help for details.
E:\vsdaim\MFC-PE\MFC-PE\PeLoad.cpp(196,31): warning C4996: '_wcsupr': This function or variable may be unsafe. Consider using _wcsupr_s instead. To disable deprecation, use _CRT_SECURE_NO_WARNINGS. See online help for details.
E:\vsdaim\MFC-PE\MFC-PE\PeLoad.cpp(198,2): warning C4996: '_itow': This function or variable may be unsafe. Consider using _itow_s instead. To disable deprecation, use _CRT_SECURE_NO_WARNINGS. See online help for details.
E:\vsdaim\MFC-PE\MFC-PE\PeLoad.cpp(199,33): warning C4996: '_wcsupr': This function or variable may be unsafe. Consider using _wcsupr_s instead. To disable deprecation, use _CRT_SECURE_NO_WARNINGS. See online help for details.
E:\vsdaim\MFC-PE\MFC-PE\PeLoad.cpp(202,2): warning C4996: '_itow': This function or variable may be unsafe. Consider using _itow_s instead. To disable deprecation, use _CRT_SECURE_NO_WARNINGS. See online help for details.
E:\vsdaim\MFC-PE\MFC-PE\PeLoad.cpp(203,29): warning C4996: '_wcsupr': This function or variable may be unsafe. Consider using _wcsupr_s instead. To disable deprecation, use _CRT_SECURE_NO_WARNINGS. See online help for details.
E:\vsdaim\MFC-PE\MFC-PE\PeLoad.cpp(205,2): warning C4996: '_itow': This function or variable may be unsafe. Consider using _itow_s instead. To disable deprecation, use _CRT_SECURE_NO_WARNINGS. See online help for details.
E:\vsdaim\MFC-PE\MFC-PE\PeLoad.cpp(206,29): warning C4996: '_wcsupr': This function or variable may be unsafe. Consider using _wcsupr_s instead. To disable deprecation, use _CRT_SECURE_NO_WARNINGS. See online help for details.
E:\vsdaim\MFC-PE\MFC-PE\PeLoad.cpp(208,2): warning C4996: '_itow': This function or variable may be unsafe. Consider using _itow_s instead. To disable deprecation, use _CRT_SECURE_NO_WARNINGS. See online help for details.
E:\vsdaim\MFC-PE\MFC-PE\PeLoad.cpp(209,38): warning C4996: '_wcsupr': This function or variable may be unsafe. Consider using _wcsupr_s instead. To disable deprecation, use _CRT_SECURE_NO_WARNINGS. See online help for details.
E:\vsdaim\MFC-PE\MFC-PE\PeLoad.cpp(211,2): warning C4996: '_itow': This function or variable may be unsafe. Consider using _itow_s instead. To disable deprecation, use _CRT_SECURE_NO_WARNINGS. See online help for details.
E:\vsdaim\MFC-PE\MFC-PE\PeLoad.cpp(212,38): warning C4996: '_wcsupr': This function or variable may be unsafe. Consider using _wcsupr_s instead. To disable deprecation, use _CRT_SECURE_NO_WARNINGS. See online help for details.
E:\vsdaim\MFC-PE\MFC-PE\PeLoad.cpp(214,2): warning C4996: '_itow': This function or variable may be unsafe. Consider using _itow_s instead. To disable deprecation, use _CRT_SECURE_NO_WARNINGS. See online help for details.
E:\vsdaim\MFC-PE\MFC-PE\PeLoad.cpp(215,37): warning C4996: '_wcsupr': This function or variable may be unsafe. Consider using _wcsupr_s instead. To disable deprecation, use _CRT_SECURE_NO_WARNINGS. See online help for details.
E:\vsdaim\MFC-PE\MFC-PE\PeLoad.cpp(218,2): warning C4996: '_itow': This function or variable may be unsafe. Consider using _itow_s instead. To disable deprecation, use _CRT_SECURE_NO_WARNINGS. See online help for details.
E:\vsdaim\MFC-PE\MFC-PE\PeLoad.cpp(219,37): warning C4996: '_wcsupr': This function or variable may be unsafe. Consider using _wcsupr_s instead. To disable deprecation, use _CRT_SECURE_NO_WARNINGS. See online help for details.
E:\vsdaim\MFC-PE\MFC-PE\PeLoad.cpp(221,2): warning C4996: '_itow': This function or variable may be unsafe. Consider using _itow_s instead. To disable deprecation, use _CRT_SECURE_NO_WARNINGS. See online help for details.
E:\vsdaim\MFC-PE\MFC-PE\PeLoad.cpp(222,36): warning C4996: '_wcsupr': This function or variable may be unsafe. Consider using _wcsupr_s instead. To disable deprecation, use _CRT_SECURE_NO_WARNINGS. See online help for details.
E:\vsdaim\MFC-PE\MFC-PE\PeLoad.cpp(224,2): warning C4996: '_itow': This function or variable may be unsafe. Consider using _itow_s instead. To disable deprecation, use _CRT_SECURE_NO_WARNINGS. See online help for details.
E:\vsdaim\MFC-PE\MFC-PE\PeLoad.cpp(225,31): warning C4996: '_wcsupr': This function or variable may be unsafe. Consider using _wcsupr_s instead. To disable deprecation, use _CRT_SECURE_NO_WARNINGS. See online help for details.
E:\vsdaim\MFC-PE\MFC-PE\PeLoad.cpp(227,2): warning C4996: '_itow': This function or variable may be unsafe. Consider using _itow_s instead. To disable deprecation, use _CRT_SECURE_NO_WARNINGS. See online help for details.
E:\vsdaim\MFC-PE\MFC-PE\PeLoad.cpp(228,38): warning C4996: '_wcsupr': This function or variable may be unsafe. Consider using _wcsupr_s instead. To disable deprecation, use _CRT_SECURE_NO_WARNINGS. See online help for details.
E:\vsdaim\MFC-PE\MFC-PE\PeLoad.cpp(128): warning C4715: “PeLoad::OpenFileData”: 不是所有的控件路径都返回值
  MFC-PE.vcxproj -> E:\vsdaim\MFC-PE\Debug\MFC-PE.exe
