e:\vsdaim\mfc-pe\mfc-pe\debug\mfc-pe.pch
e:\vsdaim\mfc-pe\mfc-pe\debug\vc143.pdb
e:\vsdaim\mfc-pe\mfc-pe\debug\vc143.idb
e:\vsdaim\mfc-pe\mfc-pe\debug\stdafx.obj
e:\vsdaim\mfc-pe\mfc-pe\debug\peload.obj
e:\vsdaim\mfc-pe\mfc-pe\debug\pehex.obj
e:\vsdaim\mfc-pe\mfc-pe\debug\mfc-pedlg.obj
e:\vsdaim\mfc-pe\mfc-pe\debug\mfc-pe.obj
e:\vsdaim\mfc-pe\mfc-pe\debug\hexutility.obj
e:\vsdaim\mfc-pe\mfc-pe\debug\chexdlgtemplmgr.obj
e:\vsdaim\mfc-pe\mfc-pe\debug\chexdlgsearch.obj
e:\vsdaim\mfc-pe\mfc-pe\debug\chexdlgopers.obj
e:\vsdaim\mfc-pe\mfc-pe\debug\chexdlgmodify.obj
e:\vsdaim\mfc-pe\mfc-pe\debug\chexdlggoto.obj
e:\vsdaim\mfc-pe\mfc-pe\debug\chexdlgfilldata.obj
e:\vsdaim\mfc-pe\mfc-pe\debug\chexdlgdatainterp.obj
e:\vsdaim\mfc-pe\mfc-pe\debug\chexdlgcodepage.obj
e:\vsdaim\mfc-pe\mfc-pe\debug\chexdlgcallback.obj
e:\vsdaim\mfc-pe\mfc-pe\debug\chexdlgbkmmgr.obj
e:\vsdaim\mfc-pe\mfc-pe\debug\cscrollex.obj
e:\vsdaim\mfc-pe\mfc-pe\debug\chexselection.obj
e:\vsdaim\mfc-pe\mfc-pe\debug\chexctrl.obj
e:\vsdaim\mfc-pe\mfc-pe\debug\clistex.obj
e:\vsdaim\mfc-pe\mfc-pe\debug\hexctrl.res
e:\vsdaim\mfc-pe\mfc-pe\debug\mfc-pe.res
e:\vsdaim\mfc-pe\debug\mfc-pe.pdb
e:\vsdaim\mfc-pe\mfc-pe\debug\mfc-pe.tlog\cl.command.1.tlog
e:\vsdaim\mfc-pe\mfc-pe\debug\mfc-pe.tlog\cl.items.tlog
e:\vsdaim\mfc-pe\mfc-pe\debug\mfc-pe.tlog\cl.read.1.tlog
e:\vsdaim\mfc-pe\mfc-pe\debug\mfc-pe.tlog\cl.write.1.tlog
e:\vsdaim\mfc-pe\mfc-pe\debug\mfc-pe.tlog\link.20552-cvtres.read.1.tlog
e:\vsdaim\mfc-pe\mfc-pe\debug\mfc-pe.tlog\link.20552-cvtres.write.1.tlog
e:\vsdaim\mfc-pe\mfc-pe\debug\mfc-pe.tlog\link.20552-mt.read.1.tlog
e:\vsdaim\mfc-pe\mfc-pe\debug\mfc-pe.tlog\link.20552-mt.write.1.tlog
e:\vsdaim\mfc-pe\mfc-pe\debug\mfc-pe.tlog\link.20552-rc.read.1.tlog
e:\vsdaim\mfc-pe\mfc-pe\debug\mfc-pe.tlog\link.20552-rc.write.1.tlog
e:\vsdaim\mfc-pe\mfc-pe\debug\mfc-pe.tlog\link.20552.read.1.tlog
e:\vsdaim\mfc-pe\mfc-pe\debug\mfc-pe.tlog\link.20552.write.1.tlog
e:\vsdaim\mfc-pe\mfc-pe\debug\mfc-pe.tlog\link.command.1.tlog
e:\vsdaim\mfc-pe\mfc-pe\debug\mfc-pe.tlog\link.read.1.tlog
e:\vsdaim\mfc-pe\mfc-pe\debug\mfc-pe.tlog\link.write.1.tlog
e:\vsdaim\mfc-pe\mfc-pe\debug\mfc-pe.tlog\rc.command.1.tlog
e:\vsdaim\mfc-pe\mfc-pe\debug\mfc-pe.tlog\rc.read.1.tlog
e:\vsdaim\mfc-pe\mfc-pe\debug\mfc-pe.tlog\rc.write.1.tlog
