  stdafx.cpp
  CListEx.cpp
E:\vsdaim\MFC-PE\MFC-PE\HexCtrl\dep\ListEx\CListEx.cpp(1,1): warning C4819: 该文件包含不能在当前代码页(936)中表示的字符。请将该文件保存为 Unicode 格式以防止数据丢失
E:\vsdaim\MFC-PE\MFC-PE\HexCtrl\dep\ListEx\CListEx.cpp(1815,1): warning C4819: 该文件包含不能在当前代码页(936)中表示的字符。请将该文件保存为 Unicode 格式以防止数据丢失
  CHexCtrl.cpp
E:\vsdaim\MFC-PE\MFC-PE\HexCtrl\src\CHexCtrl.cpp(5022,1): warning C4819: 该文件包含不能在当前代码页(936)中表示的字符。请将该文件保存为 Unicode 格式以防止数据丢失
  CHexSelection.cpp
  CScrollEx.cpp
  CHexDlgBkmMgr.cpp
  CHexDlgCallback.cpp
  CHexDlgCodepage.cpp
  CHexDlgDataInterp.cpp
  CHexDlgFillData.cpp
  CHexDlgGoTo.cpp
  CHexDlgModify.cpp
  CHexDlgOpers.cpp
  CHexDlgSearch.cpp
  CHexDlgTemplMgr.cpp
  HexUtility.cpp
  MFC-PE.cpp
  MFC-PEDlg.cpp
E:\vsdaim\MFC-PE\MFC-PE\MFC-PEDlg.cpp(347,16): warning C4311: “类型强制转换”: 从“BYTE *”到“DWORD”的指针截断
E:\vsdaim\MFC-PE\MFC-PE\MFC-PEDlg.cpp(347,16): warning C4302: “类型强制转换”: 从“BYTE *”到“DWORD”截断
E:\vsdaim\MFC-PE\MFC-PE\MFC-PEDlg.cpp(387,20): warning C4311: “类型强制转换”: 从“BYTE *”到“DWORD”的指针截断
E:\vsdaim\MFC-PE\MFC-PE\MFC-PEDlg.cpp(387,20): warning C4302: “类型强制转换”: 从“BYTE *”到“DWORD”截断
E:\vsdaim\MFC-PE\MFC-PE\MFC-PEDlg.cpp(425,12): warning C4101: “moduleHandles”: 未引用的局部变量
E:\vsdaim\MFC-PE\MFC-PE\MFC-PEDlg.cpp(430,10): warning C4101: “hIcon”: 未引用的局部变量
E:\vsdaim\MFC-PE\MFC-PE\MFC-PEDlg.cpp(623,31): warning C4305: “参数”: 从“__int64”到“DWORD”截断
E:\vsdaim\MFC-PE\MFC-PE\MFC-PEDlg.cpp(623,31): warning C4309: “参数”: 截断常量值
E:\vsdaim\MFC-PE\MFC-PE\MFC-PEDlg.cpp(760,16): warning C4996: 'fopen': This function or variable may be unsafe. Consider using fopen_s instead. To disable deprecation, use _CRT_SECURE_NO_WARNINGS. See online help for details.
  PeHex.cpp
  PeLoad.cpp
E:\vsdaim\MFC-PE\MFC-PE\PeLoad.cpp(131,2): warning C4996: '_itow': This function or variable may be unsafe. Consider using _itow_s instead. To disable deprecation, use _CRT_SECURE_NO_WARNINGS. See online help for details.
E:\vsdaim\MFC-PE\MFC-PE\PeLoad.cpp(133,2): warning C4996: '_itow': This function or variable may be unsafe. Consider using _itow_s instead. To disable deprecation, use _CRT_SECURE_NO_WARNINGS. See online help for details.
E:\vsdaim\MFC-PE\MFC-PE\PeLoad.cpp(136,2): warning C4996: '_itow': This function or variable may be unsafe. Consider using _itow_s instead. To disable deprecation, use _CRT_SECURE_NO_WARNINGS. See online help for details.
E:\vsdaim\MFC-PE\MFC-PE\PeLoad.cpp(139,2): warning C4996: '_itow': This function or variable may be unsafe. Consider using _itow_s instead. To disable deprecation, use _CRT_SECURE_NO_WARNINGS. See online help for details.
E:\vsdaim\MFC-PE\MFC-PE\PeLoad.cpp(142,2): warning C4996: '_itow': This function or variable may be unsafe. Consider using _itow_s instead. To disable deprecation, use _CRT_SECURE_NO_WARNINGS. See online help for details.
E:\vsdaim\MFC-PE\MFC-PE\PeLoad.cpp(145,2): warning C4996: '_itow': This function or variable may be unsafe. Consider using _itow_s instead. To disable deprecation, use _CRT_SECURE_NO_WARNINGS. See online help for details.
E:\vsdaim\MFC-PE\MFC-PE\PeLoad.cpp(149,2): warning C4996: '_itow': This function or variable may be unsafe. Consider using _itow_s instead. To disable deprecation, use _CRT_SECURE_NO_WARNINGS. See online help for details.
E:\vsdaim\MFC-PE\MFC-PE\PeLoad.cpp(152,2): warning C4996: '_itow': This function or variable may be unsafe. Consider using _itow_s instead. To disable deprecation, use _CRT_SECURE_NO_WARNINGS. See online help for details.
E:\vsdaim\MFC-PE\MFC-PE\PeLoad.cpp(155,2): warning C4996: '_itow': This function or variable may be unsafe. Consider using _itow_s instead. To disable deprecation, use _CRT_SECURE_NO_WARNINGS. See online help for details.
E:\vsdaim\MFC-PE\MFC-PE\PeLoad.cpp(158,2): warning C4996: '_itow': This function or variable may be unsafe. Consider using _itow_s instead. To disable deprecation, use _CRT_SECURE_NO_WARNINGS. See online help for details.
E:\vsdaim\MFC-PE\MFC-PE\PeLoad.cpp(161,2): warning C4996: '_itow': This function or variable may be unsafe. Consider using _itow_s instead. To disable deprecation, use _CRT_SECURE_NO_WARNINGS. See online help for details.
E:\vsdaim\MFC-PE\MFC-PE\PeLoad.cpp(165,2): warning C4996: '_itow': This function or variable may be unsafe. Consider using _itow_s instead. To disable deprecation, use _CRT_SECURE_NO_WARNINGS. See online help for details.
E:\vsdaim\MFC-PE\MFC-PE\PeLoad.cpp(168,2): warning C4996: '_itow': This function or variable may be unsafe. Consider using _itow_s instead. To disable deprecation, use _CRT_SECURE_NO_WARNINGS. See online help for details.
E:\vsdaim\MFC-PE\MFC-PE\PeLoad.cpp(171,2): warning C4996: '_itow': This function or variable may be unsafe. Consider using _itow_s instead. To disable deprecation, use _CRT_SECURE_NO_WARNINGS. See online help for details.
E:\vsdaim\MFC-PE\MFC-PE\PeLoad.cpp(174,2): warning C4996: '_itow': This function or variable may be unsafe. Consider using _itow_s instead. To disable deprecation, use _CRT_SECURE_NO_WARNINGS. See online help for details.
E:\vsdaim\MFC-PE\MFC-PE\PeLoad.cpp(177,2): warning C4996: '_itow': This function or variable may be unsafe. Consider using _itow_s instead. To disable deprecation, use _CRT_SECURE_NO_WARNINGS. See online help for details.
E:\vsdaim\MFC-PE\MFC-PE\PeLoad.cpp(182,2): warning C4996: '_itow': This function or variable may be unsafe. Consider using _itow_s instead. To disable deprecation, use _CRT_SECURE_NO_WARNINGS. See online help for details.
E:\vsdaim\MFC-PE\MFC-PE\PeLoad.cpp(185,2): warning C4996: '_itow': This function or variable may be unsafe. Consider using _itow_s instead. To disable deprecation, use _CRT_SECURE_NO_WARNINGS. See online help for details.
E:\vsdaim\MFC-PE\MFC-PE\PeLoad.cpp(188,2): warning C4996: '_itow': This function or variable may be unsafe. Consider using _itow_s instead. To disable deprecation, use _CRT_SECURE_NO_WARNINGS. See online help for details.
E:\vsdaim\MFC-PE\MFC-PE\PeLoad.cpp(191,2): warning C4996: '_itow': This function or variable may be unsafe. Consider using _itow_s instead. To disable deprecation, use _CRT_SECURE_NO_WARNINGS. See online help for details.
E:\vsdaim\MFC-PE\MFC-PE\PeLoad.cpp(194,2): warning C4996: '_itow': This function or variable may be unsafe. Consider using _itow_s instead. To disable deprecation, use _CRT_SECURE_NO_WARNINGS. See online help for details.
E:\vsdaim\MFC-PE\MFC-PE\PeLoad.cpp(198,2): warning C4996: '_itow': This function or variable may be unsafe. Consider using _itow_s instead. To disable deprecation, use _CRT_SECURE_NO_WARNINGS. See online help for details.
E:\vsdaim\MFC-PE\MFC-PE\PeLoad.cpp(201,2): warning C4996: '_itow': This function or variable may be unsafe. Consider using _itow_s instead. To disable deprecation, use _CRT_SECURE_NO_WARNINGS. See online help for details.
E:\vsdaim\MFC-PE\MFC-PE\PeLoad.cpp(204,2): warning C4996: '_itow': This function or variable may be unsafe. Consider using _itow_s instead. To disable deprecation, use _CRT_SECURE_NO_WARNINGS. See online help for details.
E:\vsdaim\MFC-PE\MFC-PE\PeLoad.cpp(207,2): warning C4996: '_itow': This function or variable may be unsafe. Consider using _itow_s instead. To disable deprecation, use _CRT_SECURE_NO_WARNINGS. See online help for details.
E:\vsdaim\MFC-PE\MFC-PE\PeLoad.cpp(210,2): warning C4996: '_itow': This function or variable may be unsafe. Consider using _itow_s instead. To disable deprecation, use _CRT_SECURE_NO_WARNINGS. See online help for details.
E:\vsdaim\MFC-PE\MFC-PE\PeLoad.cpp(214,2): warning C4996: '_itow': This function or variable may be unsafe. Consider using _itow_s instead. To disable deprecation, use _CRT_SECURE_NO_WARNINGS. See online help for details.
E:\vsdaim\MFC-PE\MFC-PE\PeLoad.cpp(217,2): warning C4996: '_itow': This function or variable may be unsafe. Consider using _itow_s instead. To disable deprecation, use _CRT_SECURE_NO_WARNINGS. See online help for details.
E:\vsdaim\MFC-PE\MFC-PE\PeLoad.cpp(220,2): warning C4996: '_itow': This function or variable may be unsafe. Consider using _itow_s instead. To disable deprecation, use _CRT_SECURE_NO_WARNINGS. See online help for details.
E:\vsdaim\MFC-PE\MFC-PE\PeLoad.cpp(223,2): warning C4996: '_itow': This function or variable may be unsafe. Consider using _itow_s instead. To disable deprecation, use _CRT_SECURE_NO_WARNINGS. See online help for details.
  正在生成代码...
E:\vsdaim\MFC-PE\MFC-PE\PeLoad.cpp(126): warning C4715: “PeLoad::OpenFileData”: 不是所有的控件路径都返回值
E:\vsdaim\MFC-PE\MFC-PE\MFC-PEDlg.h(54): warning C4715: “myCompare::operator()”: 不是所有的控件路径都返回值
  MFC-PE.vcxproj -> E:\vsdaim\MFC-PE\x64\Debug\MFC-PE.exe
